<?xml version="1.0" encoding="UTF-8"?>
<testsuite xmlns:xsi="http://www.w3.org/2001/XMLSchema-instance" xsi:noNamespaceSchemaLocation="https://maven.apache.org/surefire/maven-surefire-plugin/xsd/surefire-test-report-3.0.xsd" version="3.0" name="umons.fpms.ig19.DataAccessTest" time="0.706" tests="1" errors="0" skipped="0" failures="0">
  <properties>
    <property name="java.specification.version" value="17"/>
    <property name="sun.cpu.isalist" value="amd64"/>
    <property name="sun.jnu.encoding" value="Cp1252"/>
    <property name="java.class.path" value="C:\Users\cyril\Desktop\jjj\info\Ma1\expertise digitale et logicielle\tp\TP1\exo 2\TP_JAJA_Maven-master\target\test-classes;C:\Users\cyril\Desktop\jjj\info\Ma1\expertise digitale et logicielle\tp\TP1\exo 2\TP_JAJA_Maven-master\target\classes;C:\Users\cyril\.m2\repository\org\apache\ibatis\ibatis-core\3.0\ibatis-core-3.0.jar;C:\Users\cyril\.m2\repository\mysql\mysql-connector-java\8.0.18\mysql-connector-java-8.0.18.jar;C:\Users\cyril\.m2\repository\com\google\protobuf\protobuf-java\3.6.1\protobuf-java-3.6.1.jar;C:\Users\cyril\.m2\repository\junit\junit\4.12\junit-4.12.jar;C:\Users\cyril\.m2\repository\org\hamcrest\hamcrest-core\1.3\hamcrest-core-1.3.jar;C:\Users\cyril\.m2\repository\org\junit\jupiter\junit-jupiter-params\5.5.2\junit-jupiter-params-5.5.2.jar;C:\Users\cyril\.m2\repository\org\apiguardian\apiguardian-api\1.1.0\apiguardian-api-1.1.0.jar;C:\Users\cyril\.m2\repository\org\junit\jupiter\junit-jupiter-api\5.5.2\junit-jupiter-api-5.5.2.jar;C:\Users\cyril\.m2\repository\org\opentest4j\opentest4j\1.2.0\opentest4j-1.2.0.jar;C:\Users\cyril\.m2\repository\org\junit\platform\junit-platform-commons\1.5.2\junit-platform-commons-1.5.2.jar;"/>
    <property name="java.vm.vendor" value="Eclipse Adoptium"/>
    <property name="sun.arch.data.model" value="64"/>
    <property name="user.variant" value=""/>
    <property name="java.vendor.url" value="https://adoptium.net/"/>
    <property name="user.timezone" value="Europe/Paris"/>
    <property name="os.name" value="Windows 11"/>
    <property name="java.vm.specification.version" value="17"/>
    <property name="sun.java.launcher" value="SUN_STANDARD"/>
    <property name="user.country" value="BE"/>
    <property name="sun.boot.library.path" value="C:\Program Files\Eclipse Adoptium\jdk-17.0.8.101-hotspot\bin"/>
    <property name="sun.java.command" value="C:\Users\cyril\AppData\Local\Temp\surefire1032803072818526436\surefirebooter-20241120095726887_3.jar C:\Users\cyril\AppData\Local\Temp\surefire1032803072818526436 2024-11-20T09-57-26_324-jvmRun1 surefire-20241120095726887_1tmp surefire_0-20241120095726887_2tmp"/>
    <property name="jdk.debug" value="release"/>
    <property name="test" value="Ig19Suite"/>
    <property name="surefire.test.class.path" value="C:\Users\cyril\Desktop\jjj\info\Ma1\expertise digitale et logicielle\tp\TP1\exo 2\TP_JAJA_Maven-master\target\test-classes;C:\Users\cyril\Desktop\jjj\info\Ma1\expertise digitale et logicielle\tp\TP1\exo 2\TP_JAJA_Maven-master\target\classes;C:\Users\cyril\.m2\repository\org\apache\ibatis\ibatis-core\3.0\ibatis-core-3.0.jar;C:\Users\cyril\.m2\repository\mysql\mysql-connector-java\8.0.18\mysql-connector-java-8.0.18.jar;C:\Users\cyril\.m2\repository\com\google\protobuf\protobuf-java\3.6.1\protobuf-java-3.6.1.jar;C:\Users\cyril\.m2\repository\junit\junit\4.12\junit-4.12.jar;C:\Users\cyril\.m2\repository\org\hamcrest\hamcrest-core\1.3\hamcrest-core-1.3.jar;C:\Users\cyril\.m2\repository\org\junit\jupiter\junit-jupiter-params\5.5.2\junit-jupiter-params-5.5.2.jar;C:\Users\cyril\.m2\repository\org\apiguardian\apiguardian-api\1.1.0\apiguardian-api-1.1.0.jar;C:\Users\cyril\.m2\repository\org\junit\jupiter\junit-jupiter-api\5.5.2\junit-jupiter-api-5.5.2.jar;C:\Users\cyril\.m2\repository\org\opentest4j\opentest4j\1.2.0\opentest4j-1.2.0.jar;C:\Users\cyril\.m2\repository\org\junit\platform\junit-platform-commons\1.5.2\junit-platform-commons-1.5.2.jar;"/>
    <property name="sun.cpu.endian" value="little"/>
    <property name="user.home" value="C:\Users\cyril"/>
    <property name="user.language" value="fr"/>
    <property name="java.specification.vendor" value="Oracle Corporation"/>
    <property name="java.version.date" value="2023-08-24"/>
    <property name="java.home" value="C:\Program Files\Eclipse Adoptium\jdk-17.0.8.101-hotspot"/>
    <property name="file.separator" value="\"/>
    <property name="basedir" value="C:\Users\cyril\Desktop\jjj\info\Ma1\expertise digitale et logicielle\tp\TP1\exo 2\TP_JAJA_Maven-master"/>
    <property name="java.vm.compressedOopsMode" value="Zero based"/>
    <property name="line.separator" value="&#10;"/>
    <property name="java.vm.specification.vendor" value="Oracle Corporation"/>
    <property name="java.specification.name" value="Java Platform API Specification"/>
    <property name="surefire.real.class.path" value="C:\Users\cyril\AppData\Local\Temp\surefire1032803072818526436\surefirebooter-20241120095726887_3.jar"/>
    <property name="user.script" value=""/>
    <property name="sun.management.compiler" value="HotSpot 64-Bit Tiered Compilers"/>
    <property name="java.runtime.version" value="17.0.8.1+1"/>
    <property name="user.name" value="cyril"/>
    <property name="path.separator" value=";"/>
    <property name="os.version" value="10.0"/>
    <property name="java.runtime.name" value="OpenJDK Runtime Environment"/>
    <property name="file.encoding" value="Cp1252"/>
    <property name="java.vm.name" value="OpenJDK 64-Bit Server VM"/>
    <property name="java.vendor.version" value="Temurin-17.0.8.1+1"/>
    <property name="localRepository" value="C:\Users\cyril\.m2\repository"/>
    <property name="java.vendor.url.bug" value="https://github.com/adoptium/adoptium-support/issues"/>
    <property name="java.io.tmpdir" value="C:\Users\cyril\AppData\Local\Temp\"/>
    <property name="java.version" value="17.0.8.1"/>
    <property name="user.dir" value="C:\Users\cyril\Desktop\jjj\info\Ma1\expertise digitale et logicielle\tp\TP1\exo 2\TP_JAJA_Maven-master"/>
    <property name="os.arch" value="amd64"/>
    <property name="java.vm.specification.name" value="Java Virtual Machine Specification"/>
    <property name="sun.os.patch.level" value=""/>
    <property name="native.encoding" value="Cp1252"/>
    <property name="java.library.path" value="C:\Program Files\Eclipse Adoptium\jdk-17.0.8.101-hotspot\bin;C:\WINDOWS\Sun\Java\bin;C:\WINDOWS\system32;C:\WINDOWS;C:\Users\cyril\anaconda3;C:\Users\cyril\anaconda3\Library\mingw-w64\bin;C:\Users\cyril\anaconda3\Library\usr\bin;C:\Users\cyril\anaconda3\Library\bin;C:\Users\cyril\anaconda3\Scripts;C:\Users\cyril\anaconda3\bin;C:\Program Files\NVIDIA\CUDNN\v9.0\bin;C:\Program Files\NVIDIA GPU Computing Toolkit\CUDA\v12.4\bin;C:\Program Files\NVIDIA GPU Computing Toolkit\CUDA\v12.4\libnvvp;C:\Program Files\Eclipse Adoptium\jdk-17.0.8.101-hotspot\bin;C:\Program Files\Microsoft\jdk-11.0.16.101-hotspot\bin;C:\Windows\system32;C:\Windows;C:\Windows\System32\Wbem;C:\Windows\System32\WindowsPowerShell\v1.0;C:\Windows\System32\OpenSSH;C:\Program Files (x86)\NVIDIA Corporation\PhysX\Common;C:\Program Files\NVIDIA Corporation\NVIDIA NvDLISR;C:\Program Files\Microsoft SQL Server\150\Tools\Binn;C:\Program Files\Microsoft SQL Server\Client SDK\ODBC\170\Tools\Binn;C:\Program Files\VSCodium\bin;C:\WINDOWS\system32;C:\WINDOWS;C:\WINDOWS\System32\Wbem;C:\WINDOWS\System32\WindowsPowerShell\v1.0;C:\WINDOWS\System32\OpenSSH;C:\Program Files\Git\cmd;C:\Program Files\Docker\Docker\resources\bin;C:\Program Files\dotnet;C:\Program Files\NVIDIA Corporation\Nsight Compute 2024.1.0;C:\Program Files\Neovim\bin;C:\Program Files\Graphviz\bin;C:\Program Files\apache-maven-3.9.9\bin;C:\Program Files\NVIDIA GPU Computing Toolkit\CUDA\v12.4\extras\CUPTI\lib64;C:\Program Files\NVIDIA\CUDNN\v9.0\bin;C:\Program Files\NVIDIA GPU Computing Toolkit\CUDA\v12.4\bin;C:\Program Files\NVIDIA GPU Computing Toolkit\CUDA\v12.4\libnvvp;C:\Program Files\Eclipse Adoptium\jdk-17.0.8.101-hotspot\bin;C:\Program Files\Microsoft\jdk-11.0.16.101-hotspot\bin;C:\Windows\system32;C:\Windows;C:\Windows\System32\Wbem;C:\Windows\System32\WindowsPowerShell\v1.0;C:\Windows\System32\OpenSSH;C:\Program Files (x86)\NVIDIA Corporation\PhysX\Common;C:\Program Files\NVIDIA Corporation\NVIDIA NvDLISR;C:\Program Files\Microsoft SQL Server\150\Tools\Binn;C:\Program Files\Microsoft SQL Server\Client SDK\ODBC\170\Tools\Binn;C:\Program Files\VSCodium\bin;C:\WINDOWS\system32;C:\WINDOWS;C:\WINDOWS\System32\Wbem;C:\WINDOWS\System32\WindowsPowerShell\v1.0;C:\WINDOWS\System32\OpenSSH;C:\Program Files\Git\cmd;C:\Program Files\Docker\Docker\resources\bin;C:\Program Files\dotnet;C:\Program Files\NVIDIA Corporation\Nsight Com;C:\Users\cyril\.dotnet\tools;C:\Users\cyril\AppData\Local\JetBrains\Toolbox\scripts;C:\Program Files\apache-maven-3.9.9\bin;C:\Users\cyril\anaconda3\Library\bin;C:\Users\cyril\anaconda3;C:\Users\cyril\anaconda3\condabin;C:\Users\cyril\anaconda3\condabin\conda.exe;.;."/>
    <property name="java.vm.info" value="mixed mode, sharing"/>
    <property name="java.vendor" value="Eclipse Adoptium"/>
    <property name="java.vm.version" value="17.0.8.1+1"/>
    <property name="sun.io.unicode.encoding" value="UnicodeLittle"/>
    <property name="java.class.version" value="61.0"/>
  </properties>
  <testcase name="testConnect" classname="umons.fpms.ig19.DataAccessTest" time="0.702">
    <system-out><![CDATA[Suite.BeforeCLass.setUpClass
DataAccess.BeforeClass.setUpClass
DataAccess.Before.setUp
Creating the Schema. 'test_java'.
SET @OLD_UNIQUE_CHECKS=@@UNIQUE_CHECKS, UNIQUE_CHECKS=0

SET @OLD_FOREIGN_KEY_CHECKS=@@FOREIGN_KEY_CHECKS, FOREIGN_KEY_CHECKS=0

SET @OLD_SQL_MODE=@@SQL_MODE, SQL_MODE='ONLY_FULL_GROUP_BY,STRICT_TRANS_TABLES,NO_ZERO_IN_DATE,NO_ZERO_DATE,ERROR_FOR_DIVISION_BY_ZERO,NO_ENGINE_SUBSTITUTION'

-- -----------------------------------------------------
-- Schema test_java
-- -----------------------------------------------------
CREATE SCHEMA IF NOT EXISTS `test_java` DEFAULT CHARACTER SET utf8 

USE `test_java` 

-- -----------------------------------------------------
-- Table `test_java`.`prof`
-- -----------------------------------------------------
CREATE TABLE IF NOT EXISTS `test_java`.`prof` (
  `idprof` INT NOT NULL AUTO_INCREMENT,
  `nomprof` VARCHAR(100) NOT NULL,
  `prenomprof` VARCHAR(100) NOT NULL,
  `datenaiss` VARCHAR(25) NULL,
  `lieunaiss` VARCHAR(100) NULL,
  PRIMARY KEY (`idprof`))
ENGINE = InnoDB

-- -----------------------------------------------------
-- Table `test_java`.`cours`
-- -----------------------------------------------------
CREATE TABLE IF NOT EXISTS `test_java`.`cours` (
  `idcours` INT NOT NULL AUTO_INCREMENT,
  `intitule` VARCHAR(200) NOT NULL,
  `duree` VARCHAR(10) NOT NULL,
  `idprof` INT NULL,
  PRIMARY KEY (`idcours`),
  INDEX `fk_cours_prof_idx` (`idprof` ASC),
  CONSTRAINT `fk_cours_prof`
    FOREIGN KEY (`idprof`)
    REFERENCES `test_java`.`prof` (`idprof`)
    ON DELETE NO ACTION
    ON UPDATE NO ACTION)
ENGINE = InnoDB

SET SQL_MODE=@OLD_SQL_MODE

SET FOREIGN_KEY_CHECKS=@OLD_FOREIGN_KEY_CHECKS

SET UNIQUE_CHECKS=@OLD_UNIQUE_CHECKS

Connection Established... 
DataAccess.Test.connect
Connection Established... 
Connection test Valid
DataAccess.After.tearDown
]]></system-out>
  </testcase>
</testsuite>